1520956826662	geckodriver	INFO	geckodriver 0.20.0
1520956826816	geckodriver	INFO	Listening on 127.0.0.1:50480
1520956956505	geckodriver	INFO	geckodriver 0.20.0
1520956956639	geckodriver	INFO	Listening on 127.0.0.1:50521
1520957069466	geckodriver	INFO	geckodriver 0.20.0
1520957069573	geckodriver	INFO	Listening on 127.0.0.1:50572
1520957138790	geckodriver	INFO	geckodriver 0.20.0
1520957138906	geckodriver	INFO	Listening on 127.0.0.1:50582
1520957139824	mozrunner::runner	INFO	Running command: "/Applications/Firefox.app/Contents/MacOS/firefox-bin" "-marionette" "-profile" "/var/folders/fd/xn0vw8l17216zj6c5xtjg22m0000gn/T/rust_mozprofile.JEiC6XWSAfVY"
1520957141176	Marionette	INFO	Enabled via --marionette
2018-03-13 19:05:43.102 plugin-container[5117:4081642] *** CFMessagePort: bootstrap_register(): failed 1100 (0x44c) 'Permission denied', port = 0x7943, name = 'com.apple.tsm.portname'
See /usr/include/servers/bootstrap_defs.h for the error codes.
1520957144260	Marionette	INFO	Listening on port 50588
1520957144328	Marionette	WARN	TLS certificate errors will be ignored for this session
2018-03-13 19:05:46.712 plugin-container[5122:4081806] *** CFMessagePort: bootstrap_register(): failed 1100 (0x44c) 'Permission denied', port = 0x853f, name = 'com.apple.tsm.portname'
See /usr/include/servers/bootstrap_defs.h for the error codes.

###!!! [Parent][RunMessage] Error: Channel error: cannot send/recv


###!!! [Parent][RunMessage] Error: Channel error: cannot send/recv


###!!! [Parent][RunMessage] Error: Channel error: cannot send/recv


###!!! [Parent][RunMessage] Error: Channel error: cannot send/recv


###!!! [Parent][RunMessage] Error: Channel error: cannot send/recv


###!!! [Parent][RunMessage] Error: Channel error: cannot send/recv


###!!! [Parent][RunMessage] Error: Channel error: cannot send/recv


###!!! [Parent][RunMessage] Error: Channel error: cannot send/recv


###!!! [Parent][RunMessage] Error: Channel error: cannot send/recv


###!!! [Parent][RunMessage] Error: Channel error: cannot send/recv


###!!! [Parent][RunMessage] Error: Channel error: cannot send/recv


###!!! [Parent][MessageChannel] Error: (msgtype=0x1000B,name=PAPZ::Msg_Destroy) Channel error: cannot send/recv

